  % Total    % Received % Xferd  Average Speed   Time    Time     Time  Current
                                 Dload  Upload   Total   Spent    Left  Speed
  0     0    0     0    0     0      0      0 --:--:-- --:--:-- --:--:--     0*   Trying 18.207.144.106:80...
* Connected to ec2-18-207-144-106.compute-1.amazonaws.com (18.207.144.106) port 80 (#0)
> GET / HTTP/1.1
> Host: ec2-18-207-144-106.compute-1.amazonaws.com
> User-Agent: curl/7.84.0
> Accept: */*
> Cookie: login=eyJ1c2VybmFtZSI6ImF3ZGVvcmlvIn0.ZSv6LQ.pZDv3rMjwd5w9uhcIvnG5fpD4G0
> 
* Mark bundle as not supporting multiuse
< HTTP/1.1 200 OK
< Server: nginx/1.18.0 (Ubuntu)
< Date: Sun, 15 Oct 2023 14:42:58 GMT
< Content-Type: text/html; charset=utf-8
< Content-Length: 720
< Connection: keep-alive
< Vary: Cookie
< 
{ [720 bytes data]
100   720  100   720    0     0   5060      0 --:--:-- --:--:-- --:--:--  5070
* Connection #0 to host ec2-18-207-144-106.compute-1.amazonaws.com left intact
